--2014-09-26 00:05:00--  http://www.lua.org/ftp/lua-5.1.4.tar.gz
Résolution de www.lua.org (www.lua.org)... 148.251.24.173, 2a01:4f8:201:620f::2001
Connexion vers www.lua.org (www.lua.org)|148.251.24.173|:80...connecté.
requête HTTP transmise, en attente de la réponse...200 OK
Longueur: 216679 (212K) [application/gzip]
Sauvegarde en : «/home/noa/Documents/experimental/openvibe/scripts/software/arch/lua-5.1.4.tar.gz.tmp»

     0K .......... .......... .......... .......... .......... 23%  283K 1s
    50K .......... .......... .......... .......... .......... 47%  490K 0s
   100K .......... .......... .......... .......... .......... 70%  332K 0s
   150K .......... .......... .......... .......... .......... 94%  668K 0s
   200K .......... .                                          100%  461K=0,5s

2014-09-26 00:05:02 (399 KB/s) - «/home/noa/Documents/experimental/openvibe/scripts/software/arch/lua-5.1.4.tar.gz.tmp» sauvegardé [216679/216679]

lua-5.1.4/
lua-5.1.4/doc/
lua-5.1.4/doc/lua.1
lua-5.1.4/doc/luac.1
lua-5.1.4/doc/lua.html
lua-5.1.4/doc/readme.html
lua-5.1.4/doc/logo.gif
lua-5.1.4/doc/luac.html
lua-5.1.4/doc/contents.html
lua-5.1.4/doc/manual.html
lua-5.1.4/doc/lua.css
lua-5.1.4/doc/amazon.gif
lua-5.1.4/doc/cover.png
lua-5.1.4/doc/manual.css
lua-5.1.4/etc/
lua-5.1.4/etc/min.c
lua-5.1.4/etc/README
lua-5.1.4/etc/all.c
lua-5.1.4/etc/Makefile
lua-5.1.4/etc/lua.pc
lua-5.1.4/etc/lua.hpp
lua-5.1.4/etc/strict.lua
lua-5.1.4/etc/noparser.c
lua-5.1.4/etc/luavs.bat
lua-5.1.4/etc/lua.ico
lua-5.1.4/Makefile
lua-5.1.4/src/
lua-5.1.4/src/Makefile
lua-5.1.4/src/lapi.c
lua-5.1.4/src/lapi.h
lua-5.1.4/src/lauxlib.c
lua-5.1.4/src/lauxlib.h
lua-5.1.4/src/lbaselib.c
lua-5.1.4/src/lcode.c
lua-5.1.4/src/lcode.h
lua-5.1.4/src/ldblib.c
lua-5.1.4/src/ldebug.c
lua-5.1.4/src/ldebug.h
lua-5.1.4/src/ldo.c
lua-5.1.4/src/ldo.h
lua-5.1.4/src/lfunc.c
lua-5.1.4/src/lfunc.h
lua-5.1.4/src/lgc.c
lua-5.1.4/src/lgc.h
lua-5.1.4/src/linit.c
lua-5.1.4/src/liolib.c
lua-5.1.4/src/llex.c
lua-5.1.4/src/llex.h
lua-5.1.4/src/llimits.h
lua-5.1.4/src/lmathlib.c
lua-5.1.4/src/lmem.c
lua-5.1.4/src/lmem.h
lua-5.1.4/src/loadlib.c
lua-5.1.4/src/lobject.c
lua-5.1.4/src/lobject.h
lua-5.1.4/src/lopcodes.c
lua-5.1.4/src/lopcodes.h
lua-5.1.4/src/loslib.c
lua-5.1.4/src/lparser.c
lua-5.1.4/src/lparser.h
lua-5.1.4/src/lstate.c
lua-5.1.4/src/lstate.h
lua-5.1.4/src/lstring.c
lua-5.1.4/src/lstring.h
lua-5.1.4/src/lstrlib.c
lua-5.1.4/src/ltable.c
lua-5.1.4/src/ltable.h
lua-5.1.4/src/ltablib.c
lua-5.1.4/src/ltm.c
lua-5.1.4/src/ltm.h
lua-5.1.4/src/lua.c
lua-5.1.4/src/lua.h
lua-5.1.4/src/luaconf.h
lua-5.1.4/src/lualib.h
lua-5.1.4/src/lvm.c
lua-5.1.4/src/lvm.h
lua-5.1.4/src/lzio.c
lua-5.1.4/src/lzio.h
lua-5.1.4/src/ldump.c
lua-5.1.4/src/luac.c
lua-5.1.4/src/lundump.c
lua-5.1.4/src/lundump.h
lua-5.1.4/src/print.c
lua-5.1.4/test/
lua-5.1.4/test/echo.lua
lua-5.1.4/test/life.lua
lua-5.1.4/test/fib.lua
lua-5.1.4/test/factorial.lua
lua-5.1.4/test/luac.lua
lua-5.1.4/test/sort.lua
lua-5.1.4/test/hello.lua
lua-5.1.4/test/README
lua-5.1.4/test/bisect.lua
lua-5.1.4/test/cf.lua
lua-5.1.4/test/xd.lua
lua-5.1.4/test/globals.lua
lua-5.1.4/test/trace-globals.lua
lua-5.1.4/test/trace-calls.lua
lua-5.1.4/test/table.lua
lua-5.1.4/test/fibfor.lua
lua-5.1.4/test/printf.lua
lua-5.1.4/test/env.lua
lua-5.1.4/test/sieve.lua
lua-5.1.4/test/readonly.lua
lua-5.1.4/COPYRIGHT
lua-5.1.4/README
lua-5.1.4/INSTALL
lua-5.1.4/HISTORY
/home/noa/Documents/experimental/openvibe/scripts/software/tmp/lua-5.1.4 /home/noa/Documents/experimental/openvibe/scripts/software/tmp /home/noa/Documents/experimental/openvibe/scripts
/home/noa/Documents/experimental/openvibe/scripts/software/tmp /home/noa/Documents/experimental/openvibe/scripts
/home/noa/Documents/experimental/openvibe/scripts/software/tmp/lua-5.1.4 /home/noa/Documents/experimental/openvibe/scripts/software/tmp /home/noa/Documents/experimental/openvibe/scripts
cd src && make linux
make[1]: entrant dans le répertoire « /home/noa/Documents/experimental/openvibe/scripts/software/tmp/lua-5.1.4/src »
make all MYCFLAGS=-DLUA_USE_LINUX MYLIBS="-Wl,-E -ldl -lreadline -lhistory -lncurses"
make[2]: entrant dans le répertoire « /home/noa/Documents/experimental/openvibe/scripts/software/tmp/lua-5.1.4/src »
gcc -O2 -Wall -DLUA_USE_LINUX -fPIC -I/home/noa/Documents/experimental/openvibe/scripts/software/include   -c -o lapi.o lapi.c
gcc -O2 -Wall -DLUA_USE_LINUX -fPIC -I/home/noa/Documents/experimental/openvibe/scripts/software/include   -c -o lcode.o lcode.c
gcc -O2 -Wall -DLUA_USE_LINUX -fPIC -I/home/noa/Documents/experimental/openvibe/scripts/software/include   -c -o ldebug.o ldebug.c
gcc -O2 -Wall -DLUA_USE_LINUX -fPIC -I/home/noa/Documents/experimental/openvibe/scripts/software/include   -c -o ldo.o ldo.c
gcc -O2 -Wall -DLUA_USE_LINUX -fPIC -I/home/noa/Documents/experimental/openvibe/scripts/software/include   -c -o ldump.o ldump.c
gcc -O2 -Wall -DLUA_USE_LINUX -fPIC -I/home/noa/Documents/experimental/openvibe/scripts/software/include   -c -o lfunc.o lfunc.c
gcc -O2 -Wall -DLUA_USE_LINUX -fPIC -I/home/noa/Documents/experimental/openvibe/scripts/software/include   -c -o lgc.o lgc.c
gcc -O2 -Wall -DLUA_USE_LINUX -fPIC -I/home/noa/Documents/experimental/openvibe/scripts/software/include   -c -o llex.o llex.c
gcc -O2 -Wall -DLUA_USE_LINUX -fPIC -I/home/noa/Documents/experimental/openvibe/scripts/software/include   -c -o lmem.o lmem.c
gcc -O2 -Wall -DLUA_USE_LINUX -fPIC -I/home/noa/Documents/experimental/openvibe/scripts/software/include   -c -o lobject.o lobject.c
gcc -O2 -Wall -DLUA_USE_LINUX -fPIC -I/home/noa/Documents/experimental/openvibe/scripts/software/include   -c -o lopcodes.o lopcodes.c
gcc -O2 -Wall -DLUA_USE_LINUX -fPIC -I/home/noa/Documents/experimental/openvibe/scripts/software/include   -c -o lparser.o lparser.c
gcc -O2 -Wall -DLUA_USE_LINUX -fPIC -I/home/noa/Documents/experimental/openvibe/scripts/software/include   -c -o lstate.o lstate.c
gcc -O2 -Wall -DLUA_USE_LINUX -fPIC -I/home/noa/Documents/experimental/openvibe/scripts/software/include   -c -o lstring.o lstring.c
gcc -O2 -Wall -DLUA_USE_LINUX -fPIC -I/home/noa/Documents/experimental/openvibe/scripts/software/include   -c -o ltable.o ltable.c
gcc -O2 -Wall -DLUA_USE_LINUX -fPIC -I/home/noa/Documents/experimental/openvibe/scripts/software/include   -c -o ltm.o ltm.c
gcc -O2 -Wall -DLUA_USE_LINUX -fPIC -I/home/noa/Documents/experimental/openvibe/scripts/software/include   -c -o lundump.o lundump.c
gcc -O2 -Wall -DLUA_USE_LINUX -fPIC -I/home/noa/Documents/experimental/openvibe/scripts/software/include   -c -o lvm.o lvm.c
gcc -O2 -Wall -DLUA_USE_LINUX -fPIC -I/home/noa/Documents/experimental/openvibe/scripts/software/include   -c -o lzio.o lzio.c
gcc -O2 -Wall -DLUA_USE_LINUX -fPIC -I/home/noa/Documents/experimental/openvibe/scripts/software/include   -c -o lauxlib.o lauxlib.c
gcc -O2 -Wall -DLUA_USE_LINUX -fPIC -I/home/noa/Documents/experimental/openvibe/scripts/software/include   -c -o lbaselib.o lbaselib.c
gcc -O2 -Wall -DLUA_USE_LINUX -fPIC -I/home/noa/Documents/experimental/openvibe/scripts/software/include   -c -o ldblib.o ldblib.c
gcc -O2 -Wall -DLUA_USE_LINUX -fPIC -I/home/noa/Documents/experimental/openvibe/scripts/software/include   -c -o liolib.o liolib.c
gcc -O2 -Wall -DLUA_USE_LINUX -fPIC -I/home/noa/Documents/experimental/openvibe/scripts/software/include   -c -o lmathlib.o lmathlib.c
gcc -O2 -Wall -DLUA_USE_LINUX -fPIC -I/home/noa/Documents/experimental/openvibe/scripts/software/include   -c -o loslib.o loslib.c
gcc -O2 -Wall -DLUA_USE_LINUX -fPIC -I/home/noa/Documents/experimental/openvibe/scripts/software/include   -c -o ltablib.o ltablib.c
gcc -O2 -Wall -DLUA_USE_LINUX -fPIC -I/home/noa/Documents/experimental/openvibe/scripts/software/include   -c -o lstrlib.o lstrlib.c
gcc -O2 -Wall -DLUA_USE_LINUX -fPIC -I/home/noa/Documents/experimental/openvibe/scripts/software/include   -c -o loadlib.o loadlib.c
gcc -O2 -Wall -DLUA_USE_LINUX -fPIC -I/home/noa/Documents/experimental/openvibe/scripts/software/include   -c -o linit.o linit.c
ar rcu liblua.a lapi.o lcode.o ldebug.o ldo.o ldump.o lfunc.o lgc.o llex.o lmem.o lobject.o lopcodes.o lparser.o lstate.o lstring.o ltable.o ltm.o lundump.o lvm.o lzio.o lauxlib.o lbaselib.o ldblib.o liolib.o lmathlib.o loslib.o ltablib.o lstrlib.o loadlib.o linit.o
ranlib liblua.a
gcc -O2 -Wall -DLUA_USE_LINUX -fPIC -I/home/noa/Documents/experimental/openvibe/scripts/software/include   -c -o lua.o lua.c
gcc -o lua -L/home/noa/Documents/experimental/openvibe/scripts/software/lib64 -L/home/noa/Documents/experimental/openvibe/scripts/software/lib lua.o liblua.a -lm -Wl,-E -ldl -lreadline -lhistory -lncurses
gcc -O2 -Wall -DLUA_USE_LINUX -fPIC -I/home/noa/Documents/experimental/openvibe/scripts/software/include   -c -o luac.o luac.c
gcc -O2 -Wall -DLUA_USE_LINUX -fPIC -I/home/noa/Documents/experimental/openvibe/scripts/software/include   -c -o print.o print.c
gcc -o luac -L/home/noa/Documents/experimental/openvibe/scripts/software/lib64 -L/home/noa/Documents/experimental/openvibe/scripts/software/lib luac.o print.o liblua.a -lm -Wl,-E -ldl -lreadline -lhistory -lncurses
make[2]: quittant le répertoire « /home/noa/Documents/experimental/openvibe/scripts/software/tmp/lua-5.1.4/src »
make[1]: quittant le répertoire « /home/noa/Documents/experimental/openvibe/scripts/software/tmp/lua-5.1.4/src »
/home/noa/Documents/experimental/openvibe/scripts/software/tmp /home/noa/Documents/experimental/openvibe/scripts
/home/noa/Documents/experimental/openvibe/scripts/software/tmp/lua-5.1.4 /home/noa/Documents/experimental/openvibe/scripts/software/tmp /home/noa/Documents/experimental/openvibe/scripts
cd src && mkdir -p /home/noa/Documents/experimental/openvibe/scripts/software/bin /home/noa/Documents/experimental/openvibe/scripts/software/include /home/noa/Documents/experimental/openvibe/scripts/software/lib /home/noa/Documents/experimental/openvibe/scripts/software/man/man1 /home/noa/Documents/experimental/openvibe/scripts/software/share/lua/5.1 /home/noa/Documents/experimental/openvibe/scripts/software/lib/lua/5.1
cd src && install -p -m 0755 lua luac /home/noa/Documents/experimental/openvibe/scripts/software/bin
cd src && install -p -m 0644 lua.h luaconf.h lualib.h lauxlib.h ../etc/lua.hpp /home/noa/Documents/experimental/openvibe/scripts/software/include
cd src && install -p -m 0644 liblua.a /home/noa/Documents/experimental/openvibe/scripts/software/lib
cd doc && install -p -m 0644 lua.1 luac.1 /home/noa/Documents/experimental/openvibe/scripts/software/man/man1
/home/noa/Documents/experimental/openvibe/scripts/software/tmp /home/noa/Documents/experimental/openvibe/scripts
/home/noa/Documents/experimental/openvibe/scripts
